[debug] [2022-08-25T12:34:42.446Z] ----------------------------------------------------------------------
[debug] [2022-08-25T12:34:42.449Z] Command:       C:\Program Files\nodejs\node.exe C:\Users\User\AppData\Roaming\npm\node_modules\firebase-tools\lib\bin\firebase.js init hosting
[debug] [2022-08-25T12:34:42.450Z] CLI Version:   10.7.1
[debug] [2022-08-25T12:34:42.450Z] Platform:      win32
[debug] [2022-08-25T12:34:42.450Z] Node Version:  v16.15.1
[debug] [2022-08-25T12:34:42.460Z] Time:          Thu Aug 25 2022 18:04:42 GMT+0530 (India Standard Time)
[debug] [2022-08-25T12:34:42.460Z] ----------------------------------------------------------------------
[debug] 
[debug] [2022-08-25T12:34:42.520Z] > command requires scopes: ["email","openid","https://www.googleapis.com/auth/cloudplatformprojects.readonly","https://www.googleapis.com/auth/firebase","https://www.googleapis.com/auth/cloud-platform"]
[debug] [2022-08-25T12:34:42.521Z] > authorizing via signed-in user (webdeveloper@rehamo.com)
[info] 
     ######## #### ########  ######## ########     ###     ######  ########
     ##        ##  ##     ## ##       ##     ##  ##   ##  ##       ##
     ######    ##  ########  ######   ########  #########  ######  ######
     ##        ##  ##    ##  ##       ##     ## ##     ##       ## ##
     ##       #### ##     ## ######## ########  ##     ##  ######  ########

You're about to initialize a Firebase project in this directory:

  C:\WebApps\auth

Before we get started, keep in mind:

  * You are currently outside your home directory
  * You are initializing within an existing Firebase project directory

[info] 
=== Project Setup
[info] 
[info] First, let's associate this project directory with a Firebase project.
[info] You can create multiple project aliases by running firebase use --add, 
[info] but for now we'll just set up a default project.
[info] 
[debug] [2022-08-25T12:34:44.153Z] Using project from CLI flag: rehamo-wheelchair-solution
[debug] [2022-08-25T12:34:44.160Z] >>> [apiv2][query] GET https://firebase.googleapis.com/v1beta1/projects/rehamo-wheelchair-solution [none]
[debug] [2022-08-25T12:34:44.664Z] <<< [apiv2][status] GET https://firebase.googleapis.com/v1beta1/projects/rehamo-wheelchair-solution 200
[debug] [2022-08-25T12:34:44.664Z] <<< [apiv2][body] GET https://firebase.googleapis.com/v1beta1/projects/rehamo-wheelchair-solution {"projectId":"rehamo-wheelchair-solution","projectNumber":"619097365065","displayName":"rehamo wheelchair solutions","name":"projects/rehamo-wheelchair-solution","resources":{"hostingSite":"rehamo-wheelchair-solution","realtimeDatabaseInstance":"rehamo-wheelchair-solution-default-rtdb","storageBucket":"rehamo-wheelchair-solution.appspot.com","locationId":"asia-south1"},"state":"ACTIVE","etag":"1_77865594-0609-4e88-afa5-42aad26cb8e6"}
[info] i  Using project rehamo-wheelchair-solution (rehamo wheelchair solutions) 
[info] 
=== Hosting Setup
[info] 
[info] Your public directory is the folder (relative to your project directory) that
[info] will contain Hosting assets to be uploaded with firebase deploy. If you
[info] have a build process for your assets, use your build's output directory.
[info] 
[debug] [2022-08-25T12:35:03.290Z] >>> [apiv2][query] GET https://www.gstatic.com/firebasejs/releases.json [none]
[debug] [2022-08-25T12:35:03.604Z] <<< [apiv2][status] GET https://www.gstatic.com/firebasejs/releases.json 200
[debug] [2022-08-25T12:35:03.604Z] <<< [apiv2][body] GET https://www.gstatic.com/firebasejs/releases.json {"current":{"version":"9.9.3","browserURL":"https://www.gstatic.com/firebasejs/9.9.3/firebase.js","packageURL":"https://www.gstatic.com/firebasejs/9.9.3/firebase.tgz"},"live":{"version":"9.9","browserURL":"https://www.gstatic.com/firebasejs/live/9.9/firebase.js","packageURL":"https://www.gstatic.com/firebasejs/live/9.9/firebase.tgz"},"components":{"analytics":"https://www.gstatic.com/firebasejs/9.9.3/firebase-analytics.js","app":"https://www.gstatic.com/firebasejs/9.9.3/firebase-app.js","app-check":"https://www.gstatic.com/firebasejs/9.9.3/firebase-app-check.js","auth":"https://www.gstatic.com/firebasejs/9.9.3/firebase-auth.js","auth/cordova":"https://www.gstatic.com/firebasejs/9.9.3/firebase-auth/cordova.js","auth/react-native":"https://www.gstatic.com/firebasejs/9.9.3/firebase-auth/react-native.js","functions":"https://www.gstatic.com/firebasejs/9.9.3/firebase-functions.js","firestore":"https://www.gstatic.com/firebasejs/9.9.3/firebase-firestore.js","firestore/lite":"https://www.gstatic.com/firebasejs/9.9.3/firebase-firestore/lite.js","installations":"https://www.gstatic.com/firebasejs/9.9.3/firebase-installations.js","storage":"https://www.gstatic.com/firebasejs/9.9.3/firebase-storage.js","performance":"https://www.gstatic.com/firebasejs/9.9.3/firebase-performance.js","remote-config":"https://www.gstatic.com/firebasejs/9.9.3/firebase-remote-config.js","messaging":"https://www.gstatic.com/firebasejs/9.9.3/firebase-messaging.js","messaging/sw":"https://www.gstatic.com/firebasejs/9.9.3/firebase-messaging/sw.js","database":"https://www.gstatic.com/firebasejs/9.9.3/firebase-database.js","firestore.memory":"https://www.gstatic.com/firebasejs/9.9.3/firebase-firestore.memory.js"}}
[debug] [2022-08-25T12:35:04.303Z] Error: ENOENT: no such file or directory, open 'C:\WebApps\auth\build\index.html\index.html'
    at Object.openSync (node:fs:585:3)
    at Object.writeFileSync (node:fs:2170:35)
    at Object.createFileSync (C:\Users\User\AppData\Roaming\npm\node_modules\firebase-tools\node_modules\fs-extra\lib\ensure\file.js:43:6)
    at Config.writeProjectFile (C:\Users\User\AppData\Roaming\npm\node_modules\firebase-tools\lib\config.js:151:12)
    at C:\Users\User\AppData\Roaming\npm\node_modules\firebase-tools\lib\config.js:175:22
    at processTicksAndRejections (node:internal/process/task_queues:96:5)
    at async doSetup (C:\Users\User\AppData\Roaming\npm\node_modules\firebase-tools\lib\init\features\hosting\index.js:52:5)
    at async init (C:\Users\User\AppData\Roaming\npm\node_modules\firebase-tools\lib\init\index.js:36:9)
[error] 
[error] Error: An unexpected error has occurred.
